TN:
SF:src\main\builders\app-builder.js
FN:10,(anonymous_0)
FN:18,(anonymous_1)
FN:27,(anonymous_2)
FN:37,(anonymous_3)
FN:49,(anonymous_4)
FN:58,(anonymous_5)
FN:67,(anonymous_6)
FN:76,(anonymous_7)
FN:77,(anonymous_8)
FN:88,(anonymous_9)
FN:90,(anonymous_10)
FN:108,(anonymous_11)
FN:119,(anonymous_12)
FN:128,(anonymous_13)
FNF:14
FNH:9
FNDA:1,(anonymous_0)
FNDA:1,(anonymous_1)
FNDA:0,(anonymous_2)
FNDA:3,(anonymous_3)
FNDA:0,(anonymous_4)
FNDA:0,(anonymous_5)
FNDA:0,(anonymous_6)
FNDA:1,(anonymous_7)
FNDA:1,(anonymous_8)
FNDA:7,(anonymous_9)
FNDA:3,(anonymous_10)
FNDA:0,(anonymous_11)
FNDA:1,(anonymous_12)
FNDA:1,(anonymous_13)
DA:1,1
DA:2,1
DA:3,1
DA:7,1
DA:8,1
DA:11,1
DA:19,1
DA:28,0
DA:38,3
DA:39,3
DA:40,3
DA:50,0
DA:51,0
DA:59,0
DA:60,0
DA:68,0
DA:69,0
DA:77,1
DA:78,1
DA:89,7
DA:90,3
DA:91,2
DA:93,3
DA:94,3
DA:95,3
DA:97,3
DA:99,4
DA:100,4
DA:109,0
DA:110,0
DA:120,1
DA:121,1
DA:129,1
DA:133,1
LF:34
LH:25
BRDA:37,0,0,2
BRDA:49,1,0,0
BRDA:89,2,0,3
BRDA:89,2,1,4
BRDA:90,3,0,2
BRDA:90,3,1,1
BRDA:93,4,0,3
BRDA:93,4,1,0
BRF:8
BRH:6
end_of_record
TN:
SF:src\main\builders\json-builder.js
FN:9,(anonymous_0)
FN:17,(anonymous_1)
FN:26,(anonymous_2)
FN:36,(anonymous_3)
FN:47,(anonymous_4)
FN:56,(anonymous_5)
FN:64,(anonymous_6)
FN:76,(anonymous_7)
FN:88,(anonymous_8)
FN:90,(anonymous_9)
FN:105,(anonymous_10)
FN:118,(anonymous_11)
FN:130,(anonymous_12)
FN:141,(anonymous_13)
FN:156,(anonymous_14)
FN:165,(anonymous_15)
FN:173,(anonymous_16)
FN:181,(anonymous_17)
FN:190,(anonymous_18)
FNF:19
FNH:18
FNDA:5,(anonymous_0)
FNDA:4,(anonymous_1)
FNDA:1,(anonymous_2)
FNDA:13,(anonymous_3)
FNDA:4,(anonymous_4)
FNDA:2,(anonymous_5)
FNDA:9,(anonymous_6)
FNDA:2,(anonymous_7)
FNDA:16,(anonymous_8)
FNDA:13,(anonymous_9)
FNDA:2,(anonymous_10)
FNDA:2,(anonymous_11)
FNDA:4,(anonymous_12)
FNDA:14,(anonymous_13)
FNDA:4,(anonymous_14)
FNDA:5,(anonymous_15)
FNDA:2,(anonymous_16)
FNDA:2,(anonymous_17)
FNDA:0,(anonymous_18)
DA:1,1
DA:7,5
DA:10,5
DA:18,4
DA:27,1
DA:37,13
DA:38,13
DA:39,13
DA:48,4
DA:57,2
DA:65,9
DA:66,9
DA:67,7
DA:69,9
DA:77,2
DA:78,2
DA:79,2
DA:89,16
DA:90,13
DA:91,5
DA:93,9
DA:95,7
DA:96,7
DA:106,2
DA:107,2
DA:108,2
DA:109,2
DA:119,2
DA:120,2
DA:121,2
DA:122,2
DA:131,4
DA:132,4
DA:142,14
DA:143,8
DA:144,4
DA:146,8
DA:148,6
DA:149,6
DA:157,4
DA:158,4
DA:166,5
DA:174,2
DA:182,2
DA:183,2
DA:191,0
DA:192,0
DA:196,1
LF:48
LH:46
BRDA:57,0,0,2
BRDA:57,0,1,2
BRDA:66,1,0,7
BRDA:66,1,1,2
BRDA:89,2,0,9
BRDA:89,2,1,7
BRDA:90,3,0,5
BRDA:90,3,1,4
BRDA:141,4,0,3
BRDA:142,5,0,8
BRDA:142,5,1,6
BRDA:143,6,0,4
BRDA:143,6,1,4
BRDA:148,7,0,6
BRDA:148,7,1,0
BRDA:174,8,0,2
BRDA:174,8,1,0
BRF:17
BRH:15
end_of_record
TN:
SF:src\main\builders\route-builder.js
FN:7,(anonymous_0)
FN:15,(anonymous_1)
FN:23,(anonymous_2)
FN:32,(anonymous_3)
FN:42,(anonymous_4)
FN:51,(anonymous_5)
FN:62,(anonymous_6)
FN:73,(anonymous_7)
FN:84,(anonymous_8)
FN:95,(anonymous_9)
FN:104,(anonymous_10)
FN:113,(anonymous_11)
FN:122,(anonymous_12)
FNF:13
FNH:11
FNDA:1,(anonymous_0)
FNDA:1,(anonymous_1)
FNDA:0,(anonymous_2)
FNDA:5,(anonymous_3)
FNDA:1,(anonymous_4)
FNDA:2,(anonymous_5)
FNDA:5,(anonymous_6)
FNDA:2,(anonymous_7)
FNDA:1,(anonymous_8)
FNDA:0,(anonymous_9)
FNDA:1,(anonymous_10)
FNDA:8,(anonymous_11)
FNDA:13,(anonymous_12)
DA:1,1
DA:5,1
DA:8,1
DA:16,1
DA:24,0
DA:33,5
DA:34,5
DA:35,5
DA:43,1
DA:44,1
DA:52,2
DA:53,2
DA:63,5
DA:64,5
DA:74,2
DA:75,2
DA:85,1
DA:86,1
DA:96,0
DA:97,0
DA:105,1
DA:114,8
DA:123,13
DA:127,1
LF:24
LH:21
BRDA:123,0,0,1
BRDA:123,0,1,12
BRF:2
BRH:2
end_of_record
TN:
SF:src\main\config\config.js
FNF:0
FNH:0
DA:1,1
DA:3,1
DA:13,1
DA:18,1
LF:4
LH:4
BRF:0
BRH:0
end_of_record
TN:
SF:src\main\config\actuator\actuator-config.js
FNF:0
FNH:0
DA:1,1
DA:3,1
DA:19,1
DA:24,1
LF:4
LH:4
BRF:0
BRH:0
end_of_record
TN:
SF:src\main\config\logging\logging-config.js
FN:6,(anonymous_0)
FN:18,(anonymous_1)
FNF:2
FNH:2
FNDA:1,(anonymous_0)
FNDA:36,(anonymous_1)
DA:1,1
DA:2,1
DA:3,1
DA:5,1
DA:6,1
DA:15,1
DA:18,36
DA:22,1
LF:8
LH:8
BRDA:5,0,0,1
BRDA:5,0,1,0
BRF:2
BRH:1
end_of_record
TN:
SF:src\main\controller\config-control\configurator-controller.js
FN:8,(anonymous_0)
FN:42,(anonymous_1)
FNF:2
FNH:2
FNDA:8,(anonymous_0)
FNDA:1,(anonymous_1)
DA:1,1
DA:2,1
DA:3,1
DA:4,1
DA:5,1
DA:6,1
DA:8,1
DA:9,8
DA:11,8
DA:13,8
DA:14,1
DA:15,1
DA:18,8
DA:19,1
DA:20,1
DA:23,8
DA:24,1
DA:25,1
DA:28,8
DA:29,3
DA:30,3
DA:33,8
DA:34,2
DA:35,2
DA:38,8
DA:39,8
DA:42,1
DA:44,1
LF:28
LH:28
BRDA:13,0,0,1
BRDA:13,0,1,7
BRDA:18,1,0,1
BRDA:18,1,1,7
BRDA:23,2,0,1
BRDA:23,2,1,7
BRDA:28,3,0,3
BRDA:28,3,1,5
BRDA:33,4,0,2
BRDA:33,4,1,6
BRF:10
BRH:10
end_of_record
TN:
SF:src\main\controller\log-control\logs-controller.js
FN:6,(anonymous_0)
FN:12,(anonymous_1)
FNF:2
FNH:2
FNDA:1,(anonymous_0)
FNDA:1,(anonymous_1)
DA:1,1
DA:2,1
DA:4,1
DA:6,1
DA:7,1
DA:8,1
DA:9,1
DA:12,1
DA:14,1
LF:9
LH:9
BRF:0
BRH:0
end_of_record
TN:
SF:src\main\controller\maxine\discovery-controller.js
FN:5,(anonymous_0)
FNF:1
FNH:1
FNDA:3,(anonymous_0)
DA:1,1
DA:2,1
DA:3,1
DA:5,1
DA:7,3
DA:8,3
DA:14,3
DA:15,0
DA:16,0
DA:20,3
DA:23,3
DA:24,0
DA:27,0
DA:32,3
DA:35,1
LF:15
LH:11
BRDA:8,0,0,3
BRDA:8,0,1,0
BRDA:8,0,2,0
BRDA:8,0,3,0
BRDA:14,1,0,0
BRDA:14,1,1,3
BRDA:23,2,0,0
BRDA:23,2,1,3
BRF:8
BRH:3
end_of_record
TN:
SF:src\main\controller\maxine\registry-controller.js
FN:6,(anonymous_0)
FN:16,(anonymous_1)
FNF:2
FNH:2
FNDA:2,(anonymous_0)
FNDA:1,(anonymous_1)
DA:1,1
DA:2,1
DA:3,1
DA:4,1
DA:6,1
DA:7,2
DA:8,2
DA:9,1
DA:11,2
DA:12,2
DA:16,1
DA:17,1
DA:18,1
DA:21,1
LF:14
LH:14
BRDA:8,0,0,1
BRDA:8,0,1,1
BRF:2
BRH:2
end_of_record
TN:
SF:src\main\controller\security\authentication-controller.js
FN:6,authenticationController
FN:17,(anonymous_1)
FNF:2
FNH:1
FNDA:23,authenticationController
FNDA:0,(anonymous_1)
DA:1,1
DA:2,1
DA:3,1
DA:4,1
DA:7,23
DA:8,23
DA:9,23
DA:12,0
DA:13,0
DA:15,0
DA:17,0
DA:18,0
DA:19,0
DA:20,0
DA:23,0
DA:24,0
DA:27,0
DA:30,0
DA:34,1
LF:19
LH:8
BRDA:7,0,0,23
BRDA:7,0,1,0
BRDA:13,1,0,0
BRDA:13,1,1,0
BRDA:15,2,0,0
BRDA:15,2,1,0
BRDA:18,3,0,0
BRDA:18,3,1,0
BRDA:18,4,0,0
BRDA:18,4,1,0
BRDA:23,5,0,0
BRDA:23,5,1,0
BRDA:24,6,0,0
BRDA:24,6,1,0
BRF:14
BRH:1
end_of_record
TN:
SF:src\main\controller\uac\signin-controller.js
FN:7,(anonymous_0)
FNF:1
FNH:1
FNDA:2,(anonymous_0)
DA:1,1
DA:2,1
DA:3,1
DA:4,1
DA:5,1
DA:7,1
DA:8,2
DA:9,2
DA:10,1
DA:11,1
DA:12,1
DA:14,1
DA:15,1
DA:16,1
DA:17,1
DA:19,0
DA:22,1
LF:17
LH:16
BRDA:9,0,0,1
BRDA:9,0,1,1
BRDA:9,1,0,2
BRDA:9,1,1,1
BRDA:14,2,0,1
BRDA:14,2,1,0
BRF:6
BRH:5
end_of_record
TN:
SF:src\main\entity\service-body.js
FN:16,(anonymous_0)
FN:30,(anonymous_1)
FNF:2
FNH:2
FNDA:5,(anonymous_0)
FNDA:5,(anonymous_1)
DA:1,1
DA:2,1
DA:3,1
DA:4,1
DA:17,5
DA:18,5
DA:19,5
DA:20,5
DA:21,5
DA:22,5
DA:23,5
DA:24,5
DA:25,5
DA:26,5
DA:27,5
DA:31,5
DA:32,5
DA:33,5
DA:34,1
DA:35,1
DA:37,4
DA:42,1
LF:22
LH:22
BRDA:23,0,0,5
BRDA:23,0,1,1
BRDA:24,1,0,5
BRDA:24,1,1,1
BRDA:25,2,0,5
BRDA:25,2,1,1
BRDA:26,3,0,4
BRDA:26,3,1,1
BRDA:31,4,0,5
BRDA:31,4,1,4
BRDA:31,4,2,4
BRDA:31,4,3,4
BRDA:33,5,0,1
BRDA:33,5,1,4
BRDA:33,6,0,5
BRDA:33,6,1,4
BRF:16
BRH:16
end_of_record
TN:
SF:src\main\entity\service-registry.js
FN:10,(anonymous_0)
FN:12,(anonymous_1)
FN:14,(anonymous_2)
FN:20,(anonymous_3)
FN:26,(anonymous_4)
FNF:5
FNH:4
FNDA:1,(anonymous_0)
FNDA:7,(anonymous_1)
FNDA:40,(anonymous_2)
FNDA:40,(anonymous_3)
FNDA:0,(anonymous_4)
DA:1,1
DA:2,1
DA:3,1
DA:6,1
DA:7,1
DA:8,1
DA:10,1
DA:12,7
DA:14,1
DA:15,40
DA:16,1
DA:20,1
DA:21,40
DA:22,40
DA:23,10
DA:26,1
DA:27,0
DA:31,1
DA:33,1
LF:19
LH:18
BRDA:12,0,0,7
BRDA:12,0,1,0
BRDA:15,1,0,1
BRDA:15,1,1,39
BRDA:22,2,0,30
BRDA:22,2,1,10
BRF:6
BRH:5
end_of_record
TN:
SF:src\main\entity\user.js
FN:7,(anonymous_0)
FN:11,(anonymous_1)
FNF:2
FNH:1
FNDA:0,(anonymous_0)
FNDA:2,(anonymous_1)
DA:1,1
DA:8,0
DA:12,2
DA:13,2
DA:17,1
LF:5
LH:4
BRF:0
BRH:0
end_of_record
TN:
SF:src\main\routes\routes.js
FNF:0
FNH:0
DA:1,1
DA:2,1
DA:3,1
DA:4,1
DA:5,1
DA:6,1
DA:7,1
DA:10,1
DA:29,1
LF:9
LH:9
BRF:0
BRH:0
end_of_record
TN:
SF:src\main\security\jwt.js
FN:4,generateAccessToken
FNF:1
FNH:1
FNDA:3,generateAccessToken
DA:1,1
DA:2,1
DA:5,3
DA:8,1
LF:4
LH:4
BRF:0
BRH:0
end_of_record
TN:
SF:src\main\service\configurator-service.js
FN:6,(anonymous_0)
FN:12,(anonymous_1)
FN:19,(anonymous_2)
FN:25,(anonymous_3)
FN:32,(anonymous_4)
FNF:5
FNH:5
FNDA:1,(anonymous_0)
FNDA:1,(anonymous_1)
FNDA:1,(anonymous_2)
FNDA:3,(anonymous_3)
FNDA:2,(anonymous_4)
DA:1,1
DA:2,1
DA:3,1
DA:7,1
DA:8,1
DA:9,1
DA:13,1
DA:14,1
DA:15,1
DA:16,1
DA:20,1
DA:21,1
DA:22,1
DA:26,3
DA:27,3
DA:28,3
DA:29,3
DA:33,2
DA:34,2
DA:35,2
DA:36,2
DA:40,1
LF:22
LH:22
BRDA:7,0,0,0
BRDA:7,0,1,1
BRDA:13,1,0,0
BRDA:13,1,1,1
BRDA:14,2,0,0
BRDA:14,2,1,1
BRDA:20,3,0,0
BRDA:20,3,1,1
BRDA:27,4,0,0
BRDA:27,4,1,3
BRDA:34,5,0,0
BRDA:34,5,1,2
BRF:12
BRH:6
end_of_record
TN:
SF:src\main\service\discovery-service.js
FN:20,(anonymous_0)
FNF:1
FNH:1
FNDA:7,(anonymous_0)
DA:1,1
DA:2,1
DA:3,1
DA:4,1
DA:5,1
DA:6,1
DA:7,1
DA:10,1
DA:11,1
DA:12,1
DA:20,1
DA:21,7
DA:23,1
DA:26,3
DA:29,3
DA:32,0
DA:37,1
DA:39,1
LF:18
LH:17
BRDA:21,0,0,1
BRDA:21,0,1,3
BRDA:21,0,2,3
BRDA:21,0,3,0
BRF:4
BRH:3
end_of_record
TN:
SF:src\main\service\logfiles-service.js
FN:5,(anonymous_0)
FN:7,(anonymous_1)
FNF:2
FNH:2
FNDA:1,(anonymous_0)
FNDA:1,(anonymous_1)
DA:1,1
DA:2,1
DA:5,1
DA:6,1
DA:7,1
DA:8,1
DA:10,1
DA:14,1
LF:8
LH:8
BRF:0
BRH:0
end_of_record
TN:
SF:src\main\service\registry-service.js
FN:6,(anonymous_0)
FN:13,(anonymous_1)
FN:33,(anonymous_2)
FN:48,(anonymous_3)
FNF:4
FNH:3
FNDA:4,(anonymous_0)
FNDA:40,(anonymous_1)
FNDA:0,(anonymous_2)
FNDA:5,(anonymous_3)
DA:1,1
DA:2,1
DA:3,1
DA:6,1
DA:7,4
DA:9,4
DA:10,1
DA:13,4
DA:14,40
DA:16,40
DA:18,40
DA:19,30
DA:25,40
DA:33,40
DA:34,0
DA:35,0
DA:36,0
DA:38,0
DA:39,0
DA:40,0
DA:44,40
DA:48,1
DA:49,5
DA:50,5
DA:51,4
DA:52,4
DA:53,4
DA:57,1
DA:59,1
LF:29
LH:23
BRDA:9,0,0,1
BRDA:9,0,1,3
BRDA:18,1,0,30
BRDA:18,1,1,10
BRDA:35,2,0,0
BRDA:35,2,1,0
BRDA:39,3,0,0
BRDA:39,3,1,0
BRDA:50,4,0,1
BRDA:50,4,1,4
BRDA:50,5,0,5
BRDA:50,5,1,4
BRF:12
BRH:8
end_of_record
TN:
SF:src\main\service\discovery-services\consistent-hash-discovery.js
FN:11,(anonymous_0)
FNF:1
FNH:1
FNDA:3,(anonymous_0)
DA:1,1
DA:2,1
DA:11,1
DA:12,3
DA:13,3
DA:14,3
DA:15,3
DA:16,3
DA:20,1
LF:9
LH:9
BRDA:14,0,0,0
BRDA:14,0,1,3
BRDA:14,1,0,3
BRDA:14,1,1,3
BRF:4
BRH:3
end_of_record
TN:
SF:src\main\service\discovery-services\rendezvous-hash-discovery.js
FN:14,(anonymous_0)
FN:25,(anonymous_1)
FN:44,(anonymous_2)
FNF:3
FNH:3
FNDA:3,(anonymous_0)
FNDA:3,(anonymous_1)
FNDA:30,(anonymous_2)
DA:1,1
DA:2,1
DA:3,1
DA:4,1
DA:5,1
DA:14,1
DA:15,3
DA:16,3
DA:26,3
DA:27,3
DA:28,30
DA:29,30
DA:30,30
DA:31,12
DA:32,12
DA:35,3
DA:44,30
DA:53,1
LF:18
LH:18
BRDA:16,0,0,3
BRDA:16,0,1,0
BRDA:26,1,0,0
BRDA:26,1,1,3
BRDA:28,2,0,30
BRDA:28,2,1,0
BRDA:30,3,0,12
BRDA:30,3,1,18
BRF:8
BRH:5
end_of_record
TN:
SF:src\main\service\discovery-services\round-robin-discovery.js
FN:9,(anonymous_0)
FN:22,(anonymous_1)
FNF:2
FNH:2
FNDA:1,(anonymous_0)
FNDA:1,(anonymous_1)
DA:1,1
DA:9,1
DA:10,1
DA:11,1
DA:12,1
DA:13,1
DA:14,1
DA:22,1
DA:23,1
DA:27,1
LF:10
LH:10
BRDA:10,0,0,1
BRDA:10,0,1,0
BRDA:11,1,0,1
BRDA:11,1,1,1
BRDA:23,2,0,1
BRDA:23,2,1,0
BRF:6
BRH:4
end_of_record
TN:
SF:src\main\util\util.js
FN:7,(anonymous_0)
FN:13,(anonymous_1)
FN:14,(anonymous_2)
FN:15,(anonymous_3)
FN:19,(anonymous_4)
FN:20,(anonymous_5)
FN:23,jsonLogBuilder
FN:42,plainLogBuilder
FN:58,(anonymous_8)
FNF:9
FNH:9
FNDA:2,(anonymous_0)
FNDA:3,(anonymous_1)
FNDA:3,(anonymous_2)
FNDA:3,(anonymous_3)
FNDA:37,(anonymous_4)
FNDA:2,(anonymous_5)
FNDA:2,jsonLogBuilder
FNDA:33,plainLogBuilder
FNDA:35,(anonymous_8)
DA:1,1
DA:2,1
DA:3,1
DA:4,1
DA:5,1
DA:7,2
DA:12,1
DA:13,3
DA:14,3
DA:15,3
DA:18,1
DA:19,37
DA:20,2
DA:24,2
DA:43,33
DA:44,33
DA:45,33
DA:46,33
DA:47,22
DA:53,33
DA:54,33
DA:55,33
DA:58,1
DA:59,35
DA:62,1
LF:25
LH:25
BRDA:23,0,0,1
BRDA:42,1,0,23
BRDA:45,2,0,22
BRDA:45,2,1,11
BRDA:46,3,0,22
BRDA:46,3,1,11
BRDA:53,4,0,10
BRDA:53,4,1,23
BRDA:59,5,0,2
BRDA:59,5,1,33
BRF:10
BRH:10
end_of_record
TN:
SF:src\main\util\constants\constants.js
FNF:0
FNH:0
DA:1,1
DA:2,1
DA:4,1
DA:6,1
DA:7,1
DA:8,1
DA:9,1
DA:10,1
DA:11,1
DA:12,1
DA:13,1
DA:14,1
DA:15,1
DA:16,1
DA:17,1
DA:18,1
DA:19,1
DA:20,1
DA:21,1
DA:22,1
DA:23,1
DA:32,1
DA:38,1
DA:44,1
DA:45,1
DA:46,1
DA:47,1
DA:48,1
DA:49,1
DA:50,1
DA:51,1
DA:52,1
DA:53,1
DA:54,1
DA:55,1
DA:56,1
DA:57,1
DA:58,1
DA:59,1
DA:60,1
DA:61,1
DA:62,1
DA:63,1
DA:64,1
DA:65,1
DA:66,1
DA:67,1
DA:73,1
DA:74,1
DA:75,1
DA:77,1
DA:83,1
DA:112,1
DA:136,1
LF:54
LH:54
BRDA:4,0,0,1
BRDA:4,0,1,1
BRDA:4,0,2,1
BRDA:7,1,0,1
BRDA:7,1,1,1
BRDA:7,1,2,1
BRDA:16,2,0,0
BRDA:16,2,1,1
BRDA:19,3,0,0
BRDA:19,3,1,1
BRF:10
BRH:8
end_of_record
TN:
SF:src\main\util\logging\log-generic-exceptions.js
FN:3,(anonymous_0)
FN:4,(anonymous_1)
FN:9,(anonymous_2)
FNF:3
FNH:1
FNDA:1,(anonymous_0)
FNDA:0,(anonymous_1)
FNDA:0,(anonymous_2)
DA:1,1
DA:3,1
DA:4,1
DA:5,0
DA:6,0
DA:9,1
DA:10,0
DA:11,0
DA:12,0
DA:14,0
DA:15,0
DA:21,1
LF:12
LH:5
BRDA:10,0,0,0
BRDA:10,0,1,0
BRF:2
BRH:0
end_of_record
TN:
SF:src\main\util\logging\log-request.js
FN:5,(anonymous_0)
FN:6,(anonymous_1)
FNF:2
FNH:2
FNDA:23,(anonymous_0)
FNDA:23,(anonymous_1)
DA:1,1
DA:2,1
DA:3,1
DA:5,1
DA:6,23
DA:7,23
DA:8,23
DA:10,23
DA:13,1
LF:9
LH:9
BRDA:7,0,0,0
BRDA:7,0,1,23
BRF:2
BRH:1
end_of_record
TN:
SF:src\main\util\logging\log-web-exceptions.js
FN:4,(anonymous_0)
FNF:1
FNH:0
FNDA:0,(anonymous_0)
DA:1,1
DA:2,1
DA:4,1
DA:5,0
DA:6,0
DA:7,0
DA:8,0
DA:10,0
DA:11,0
DA:14,1
LF:10
LH:4
BRDA:5,0,0,0
BRDA:5,0,1,0
BRF:2
BRH:0
end_of_record
TN:
SF:src\main\util\logging\logging-util.js
FN:12,(anonymous_0)
FN:14,(anonymous_1)
FN:14,(anonymous_2)
FN:16,(anonymous_3)
FN:16,(anonymous_4)
FN:18,(anonymous_5)
FN:23,(anonymous_6)
FN:23,(anonymous_7)
FN:30,(anonymous_8)
FNF:9
FNH:6
FNDA:35,(anonymous_0)
FNDA:10,(anonymous_1)
FNDA:10,(anonymous_2)
FNDA:2,(anonymous_3)
FNDA:2,(anonymous_4)
FNDA:0,(anonymous_5)
FNDA:0,(anonymous_6)
FNDA:0,(anonymous_7)
FNDA:1,(anonymous_8)
DA:1,1
DA:2,1
DA:3,1
DA:4,1
DA:5,1
DA:6,1
DA:8,1
DA:9,1
DA:12,35
DA:14,10
DA:16,2
DA:18,1
DA:19,0
DA:20,0
DA:23,1
DA:25,1
DA:30,1
DA:35,1
LF:18
LH:16
BRDA:12,0,0,27
BRDA:12,0,1,8
BRF:2
BRH:2
end_of_record
